#
# There is insufficient memory for the Java Runtime Environment to continue.
# Native memory allocation (malloc) failed to allocate 1048576 bytes for AllocateHeap
# Possible reasons:
#   The system is out of physical RAM or swap space
#   The process is running with CompressedOops enabled, and the Java Heap may be blocking the growth of the native heap
# Possible solutions:
#   Reduce memory load on the system
#   Increase physical memory or swap space
#   Check if swap backing store is full
#   Decrease Java heap size (-Xmx/-Xms)
#   Decrease number of Java threads
#   Decrease Java thread stack sizes (-Xss)
#   Set larger code cache with -XX:ReservedCodeCacheSize=
#   JVM is running with Unscaled Compressed Oops mode in which the Java heap is
#     placed in the first 4GB address space. The Java Heap base address is the
#     maximum limit for the native heap growth. Please use -XX:HeapBaseMinAddress
#     to set the Java Heap base and to place the Java Heap above 4GB virtual address.
# This output file may be truncated or incomplete.
#
#  Out of Memory Error (allocation.cpp:44), pid=5000, tid=8432
#
# JRE version: OpenJDK Runtime Environment Temurin-17.0.2+8 (17.0.2+8) (build 17.0.2+8)
# Java VM: OpenJDK 64-Bit Server VM Temurin-17.0.2+8 (17.0.2+8, mixed mode, emulated-client, tiered, compressed oops, compressed class ptrs, g1 gc, windows-amd64)
# No core dump will be written. Minidumps are not enabled by default on client versions of Windows
#

---------------  S U M M A R Y ------------

Command Line: -Dsts.lsp.client=vscode -Dsts.log.file=/dev/null -XX:TieredStopAtLevel=1 -Dspring.config.location=file:c:\Users\ercan\.vscode\extensions\pivotal.vscode-spring-boot-1.33.0\language-server\BOOT-INF\classes\application.properties org.springframework.ide.vscode.boot.app.BootLanguageServerBootApp

Host: AMD Ryzen 5 3500U with Radeon Vega Mobile Gfx  , 8 cores, 5G,  Windows 10 , 64 bit Build 19041 (10.0.19041.1503)
Time: Sun May  8 12:58:23 2022 Türkiye Standart Saati elapsed time: 224.733218 seconds (0d 0h 3m 44s)

---------------  T H R E A D  ---------------

Current thread (0x000001c17ff22cf0):  VMThread "VM Thread" [stack: 0x00000011b8100000,0x00000011b8200000] [id=8432]

Stack: [0x00000011b8100000,0x00000011b8200000]
Native frames: (J=compiled Java code, j=interpreted, Vv=VM code, C=native code)
V  [jvm.dll+0x67564a]
V  [jvm.dll+0x82fc04]
V  [jvm.dll+0x8313ae]
V  [jvm.dll+0x831a13]
V  [jvm.dll+0x245235]
V  [jvm.dll+0xa6393]
V  [jvm.dll+0x2f5233]
V  [jvm.dll+0x2f0f70]
V  [jvm.dll+0x2d96c7]
V  [jvm.dll+0x31c6b7]
V  [jvm.dll+0x835ebb]
V  [jvm.dll+0x836bf4]
V  [jvm.dll+0x83710c]
V  [jvm.dll+0x8374e4]
V  [jvm.dll+0x8375b0]
V  [jvm.dll+0x7dff2a]
V  [jvm.dll+0x6744d5]
C  [ucrtbase.dll+0x21bb2]
C  [KERNEL32.DLL+0x17034]
C  [ntdll.dll+0x52651]

VM_Operation (0x00000011b98ff0f0): G1CollectFull, mode: safepoint, requested by thread 0x000001c109818270


---------------  P R O C E S S  ---------------

Threads class SMR info:
_java_thread_list=0x000001c1074d9830, length=20, elements={
0x000001c17ff39390, 0x000001c17ff3b210, 0x000001c17ff7b530, 0x000001c17ff7bee0,
0x000001c17ff7c890, 0x000001c17ff7d240, 0x000001c17ff7dca0, 0x000001c17ff89ba0,
0x000001c107226df0, 0x000001c107230300, 0x000001c109818270, 0x000001c109860080,
0x000001c17855a610, 0x000001c10961f060, 0x000001c1098efa80, 0x000001c1098f0160,
0x000001c109936310, 0x000001c107974b40, 0x000001c1099e0960, 0x000001c1099e0490
}

Java Threads: ( => current thread )
  0x000001c17ff39390 JavaThread "Reference Handler" daemon [_thread_blocked, id=3304, stack(0x00000011b8200000,0x00000011b8300000)]
  0x000001c17ff3b210 JavaThread "Finalizer" daemon [_thread_blocked, id=10688, stack(0x00000011b8300000,0x00000011b8400000)]
  0x000001c17ff7b530 JavaThread "Signal Dispatcher" daemon [_thread_blocked, id=14364, stack(0x00000011b8400000,0x00000011b8500000)]
  0x000001c17ff7bee0 JavaThread "Attach Listener" daemon [_thread_blocked, id=14360, stack(0x00000011b8500000,0x00000011b8600000)]
  0x000001c17ff7c890 JavaThread "Service Thread" daemon [_thread_blocked, id=12104, stack(0x00000011b8600000,0x00000011b8700000)]
  0x000001c17ff7d240 JavaThread "Monitor Deflation Thread" daemon [_thread_blocked, id=15184, stack(0x00000011b8700000,0x00000011b8800000)]
  0x000001c17ff7dca0 JavaThread "C1 CompilerThread0" daemon [_thread_blocked, id=5972, stack(0x00000011b8800000,0x00000011b8900000)]
  0x000001c17ff89ba0 JavaThread "Sweeper thread" daemon [_thread_blocked, id=13836, stack(0x00000011b8900000,0x00000011b8a00000)]
  0x000001c107226df0 JavaThread "Notification Thread" daemon [_thread_blocked, id=11364, stack(0x00000011b8b00000,0x00000011b8c00000)]
  0x000001c107230300 JavaThread "Common-Cleaner" daemon [_thread_blocked, id=10500, stack(0x00000011b8d00000,0x00000011b8e00000)]
  0x000001c109818270 JavaThread "pool-7-thread-1" [_thread_blocked, id=12760, stack(0x00000011b9800000,0x00000011b9900000)]
  0x000001c109860080 JavaThread "LanguageServerApp-lifecycle" [_thread_blocked, id=14888, stack(0x00000011b9900000,0x00000011b9a00000)]
  0x000001c17855a610 JavaThread "DestroyJavaVM" [_thread_blocked, id=10160, stack(0x00000011b7b00000,0x00000011b7c00000)]
  0x000001c10961f060 JavaThread "pool-8-thread-1" [_thread_in_native, id=6580, stack(0x00000011b9a00000,0x00000011b9b00000)]
  0x000001c1098efa80 JavaThread "Simple-Language-Server main thread" daemon [_thread_blocked, id=15024, stack(0x00000011b9b00000,0x00000011b9c00000)]
  0x000001c1098f0160 JavaThread "pool-5-thread-1" [_thread_blocked, id=14912, stack(0x00000011b9c00000,0x00000011b9d00000)]
  0x000001c109936310 JavaThread "Reconciler-1" [_thread_blocked, id=12248, stack(0x00000011b9d00000,0x00000011b9e00000)]
  0x000001c107974b40 JavaThread "parallel-1" daemon [_thread_blocked, id=6304, stack(0x00000011b8f00000,0x00000011b9000000)]
  0x000001c1099e0960 JavaThread "pool-3-thread-1" [_thread_blocked, id=15324, stack(0x00000011ba000000,0x00000011ba100000)]
  0x000001c1099e0490 JavaThread "pool-2-thread-2" [_thread_blocked, id=6184, stack(0x00000011ba100000,0x00000011ba200000)]

Other Threads:
=>0x000001c17ff22cf0 VMThread "VM Thread" [stack: 0x00000011b8100000,0x00000011b8200000] [id=8432]
  0x000001c17a70f1c0 WatcherThread [stack: 0x00000011b8c00000,0x00000011b8d00000] [id=11656]
  0x000001c17a6faaf0 GCTaskThread "GC Thread#0" [stack: 0x00000011b7c00000,0x00000011b7d00000] [id=2896]
  0x000001c107a8b050 GCTaskThread "GC Thread#1" [stack: 0x00000011b9000000,0x00000011b9100000] [id=14012]
  0x000001c107a18c20 GCTaskThread "GC Thread#2" [stack: 0x00000011b9100000,0x00000011b9200000] [id=924]
  0x000001c107ae1ef0 GCTaskThread "GC Thread#3" [stack: 0x00000011b9200000,0x00000011b9300000] [id=7344]
  0x000001c107ae21a0 GCTaskThread "GC Thread#4" [stack: 0x00000011b9300000,0x00000011b9400000] [id=1624]
  0x000001c107ae2850 GCTaskThread "GC Thread#5" [stack: 0x00000011b9400000,0x00000011b9500000] [id=544]
  0x000001c107ae5140 GCTaskThread "GC Thread#6" [stack: 0x00000011b9500000,0x00000011b9600000] [id=8516]
  0x000001c107a3f720 GCTaskThread "GC Thread#7" [stack: 0x00000011b9600000,0x00000011b9700000] [id=14356]
  0x000001c17a7078b0 ConcurrentGCThread "G1 Main Marker" [stack: 0x00000011b7d00000,0x00000011b7e00000] [id=9188]
  0x000001c17a708a60 ConcurrentGCThread "G1 Conc#0" [stack: 0x00000011b7e00000,0x00000011b7f00000] [id=9680]
  0x000001c109607cd0 ConcurrentGCThread "G1 Conc#1" [stack: 0x00000011b9700000,0x00000011b9800000] [id=12952]
  0x000001c17a77ffa0 ConcurrentGCThread "G1 Refine#0" [stack: 0x00000011b7f00000,0x00000011b8000000] [id=12604]
  0x000001c17a7809c0 ConcurrentGCThread "G1 Service" [stack: 0x00000011b8000000,0x00000011b8100000] [id=8652]

Threads with active compile tasks:

VM state: at safepoint (normal execution)

VM Mutex/Monitor currently owned by a thread:  ([mutex/lock_event])
[0x000001c178492470] Threads_lock - owner thread: 0x000001c17ff22cf0
[0x000001c17a6c3d90] Heap_lock - owner thread: 0x000001c109818270

Heap address: 0x00000000a0c00000, size: 1524 MB, Compressed Oops mode: 32-bit

CDS archive(s) not mapped
Compressed class space mapped at: 0x0000000100000000-0x0000000140000000, reserved size: 1073741824
Narrow klass base: 0x0000000000000000, Narrow klass shift: 3, Narrow klass range: 0x140000000

GC Precious Log:
 CPUs: 8 total, 8 available
 Memory: 6090M
 Large Page Support: Disabled
 NUMA Support: Disabled
 Compressed Oops: Enabled (32-bit)
 Heap Region Size: 1M
 Heap Min Capacity: 8M
 Heap Initial Capacity: 96M
 Heap Max Capacity: 1524M
 Pre-touch: Disabled
 Parallel Workers: 8
 Concurrent Workers: 2
 Concurrent Refinement Workers: 8
 Periodic GC: Disabled

Heap:
 garbage-first heap   total 78848K, used 22077K [0x00000000a0c00000, 0x0000000100000000)
  region size 1024K, 1 young (1024K), 0 survivors (0K)
 Metaspace       used 38964K, committed 39424K, reserved 1089536K
  class space    used 4925K, committed 5120K, reserved 1048576K

Heap Regions: E=young(eden), S=young(survivor), O=old, HS=humongous(starts), HC=humongous(continues), CS=collection set, F=free, OA=open archive, CA=closed archive, TAMS=top-at-mark-start (previous, next)
|   0|0x00000000a0c00000, 0x00000000a0d00000, 0x00000000a0d00000|100%| O|  |TAMS 0x00000000a0d00000, 0x00000000a0c00000| Untracked 
|   1|0x00000000a0d00000, 0x00000000a0dfffc8, 0x00000000a0e00000| 99%| O|  |TAMS 0x00000000a0dfffc8, 0x00000000a0d00000| Untracked 
|   2|0x00000000a0e00000, 0x00000000a0efffe8, 0x00000000a0f00000| 99%| O|  |TAMS 0x00000000a0efffe8, 0x00000000a0e00000| Untracked 
|   3|0x00000000a0f00000, 0x00000000a0ffffe0, 0x00000000a1000000| 99%| O|  |TAMS 0x00000000a0ffffe0, 0x00000000a0f00000| Untracked 
|   4|0x00000000a1000000, 0x00000000a10fffe8, 0x00000000a1100000| 99%| O|  |TAMS 0x00000000a10fffe8, 0x00000000a1000000| Untracked 
|   5|0x00000000a1100000, 0x00000000a1200000, 0x00000000a1200000|100%| O|  |TAMS 0x00000000a1200000, 0x00000000a1100000| Untracked 
|   6|0x00000000a1200000, 0x00000000a12ffff0, 0x00000000a1300000| 99%| O|  |TAMS 0x00000000a12ffff0, 0x00000000a1200000| Untracked 
|   7|0x00000000a1300000, 0x00000000a1400000, 0x00000000a1400000|100%| O|  |TAMS 0x00000000a1400000, 0x00000000a1300000| Untracked 
|   8|0x00000000a1400000, 0x00000000a14ffff0, 0x00000000a1500000| 99%| O|  |TAMS 0x00000000a14ffff0, 0x00000000a1400000| Untracked 
|   9|0x00000000a1500000, 0x00000000a15fce68, 0x00000000a1600000| 98%| O|  |TAMS 0x00000000a15fce68, 0x00000000a1500000| Untracked 
|  10|0x00000000a1600000, 0x00000000a16fdb20, 0x00000000a1700000| 99%| O|  |TAMS 0x00000000a1600000, 0x00000000a1600000| Untracked 
|  11|0x00000000a1700000, 0x00000000a17fa6f8, 0x00000000a1800000| 97%| O|  |TAMS 0x00000000a1700000, 0x00000000a1700000| Untracked 
|  12|0x00000000a1800000, 0x00000000a1900000, 0x00000000a1900000|100%| O|  |TAMS 0x00000000a1900000, 0x00000000a1800000| Untracked 
|  13|0x00000000a1900000, 0x00000000a19fcb78, 0x00000000a1a00000| 98%| O|  |TAMS 0x00000000a19fcb78, 0x00000000a1900000| Untracked 
|  14|0x00000000a1a00000, 0x00000000a1afeb08, 0x00000000a1b00000| 99%| O|  |TAMS 0x00000000a1afeb08, 0x00000000a1a00000| Untracked 
|  15|0x00000000a1b00000, 0x00000000a1bdec58, 0x00000000a1c00000| 87%| O|  |TAMS 0x00000000a1b00000, 0x00000000a1b00000| Untracked 
|  16|0x00000000a1c00000, 0x00000000a1cffff0, 0x00000000a1d00000| 99%| O|  |TAMS 0x00000000a1c00000, 0x00000000a1c00000| Untracked 
|  17|0x00000000a1d00000, 0x00000000a1dfff78, 0x00000000a1e00000| 99%| O|  |TAMS 0x00000000a1dfff78, 0x00000000a1d00000| Untracked 
|  18|0x00000000a1e00000, 0x00000000a1e57e08, 0x00000000a1f00000| 34%| O|  |TAMS 0x00000000a1e00000, 0x00000000a1e00000| Untracked 
|  19|0x00000000a1f00000, 0x00000000a2000000, 0x00000000a2000000|100%|HS|  |TAMS 0x00000000a2000000, 0x00000000a1f00000| Untracked 
|  20|0x00000000a2000000, 0x00000000a2000000, 0x00000000a2100000|  0%| F|  |TAMS 0x00000000a2000000, 0x00000000a2000000| Untracked 
|  21|0x00000000a2100000, 0x00000000a2200000, 0x00000000a2200000|100%| O|  |TAMS 0x00000000a2200000, 0x00000000a2100000| Untracked 
|  22|0x00000000a2200000, 0x00000000a2300000, 0x00000000a2300000|100%| O|  |TAMS 0x00000000a2300000, 0x00000000a2200000| Untracked 
|  23|0x00000000a2300000, 0x00000000a2368480, 0x00000000a2400000| 40%| O|  |TAMS 0x00000000a2300000, 0x00000000a2300000| Untracked 
|  24|0x00000000a2400000, 0x00000000a2400000, 0x00000000a2500000|  0%| F|  |TAMS 0x00000000a2400000, 0x00000000a2400000| Untracked 
|  25|0x00000000a2500000, 0x00000000a2500000, 0x00000000a2600000|  0%| F|  |TAMS 0x00000000a2500000, 0x00000000a2500000| Untracked 
|  26|0x00000000a2600000, 0x00000000a2600000, 0x00000000a2700000|  0%| F|  |TAMS 0x00000000a2600000, 0x00000000a2600000| Untracked 
|  27|0x00000000a2700000, 0x00000000a2700000, 0x00000000a2800000|  0%| F|  |TAMS 0x00000000a2700000, 0x00000000a2700000| Untracked 
|  28|0x00000000a2800000, 0x00000000a2800000, 0x00000000a2900000|  0%| F|  |TAMS 0x00000000a2800000, 0x00000000a2800000| Untracked 
|  29|0x00000000a2900000, 0x00000000a2900000, 0x00000000a2a00000|  0%| F|  |TAMS 0x00000000a2900000, 0x00000000a2900000| Untracked 
|  30|0x00000000a2a00000, 0x00000000a2a00000, 0x00000000a2b00000|  0%| F|  |TAMS 0x00000000a2a00000, 0x00000000a2a00000| Untracked 
|  31|0x00000000a2b00000, 0x00000000a2b00000, 0x00000000a2c00000|  0%| F|  |TAMS 0x00000000a2b00000, 0x00000000a2b00000| Untracked 
|  32|0x00000000a2c00000, 0x00000000a2c00000, 0x00000000a2d00000|  0%| F|  |TAMS 0x00000000a2c00000, 0x00000000a2c00000| Untracked 
|  33|0x00000000a2d00000, 0x00000000a2d00000, 0x00000000a2e00000|  0%| F|  |TAMS 0x00000000a2d00000, 0x00000000a2d00000| Untracked 
|  34|0x00000000a2e00000, 0x00000000a2e00000, 0x00000000a2f00000|  0%| F|  |TAMS 0x00000000a2e00000, 0x00000000a2e00000| Untracked 
|  35|0x00000000a2f00000, 0x00000000a2f00000, 0x00000000a3000000|  0%| F|  |TAMS 0x00000000a2f00000, 0x00000000a2f00000| Untracked 
|  36|0x00000000a3000000, 0x00000000a3000000, 0x00000000a3100000|  0%| F|  |TAMS 0x00000000a3000000, 0x00000000a3000000| Untracked 
|  37|0x00000000a3100000, 0x00000000a3100000, 0x00000000a3200000|  0%| F|  |TAMS 0x00000000a3100000, 0x00000000a3100000| Untracked 
|  38|0x00000000a3200000, 0x00000000a3200000, 0x00000000a3300000|  0%| F|  |TAMS 0x00000000a3200000, 0x00000000a3200000| Untracked 
|  39|0x00000000a3300000, 0x00000000a3300000, 0x00000000a3400000|  0%| F|  |TAMS 0x00000000a3300000, 0x00000000a3300000| Untracked 
|  40|0x00000000a3400000, 0x00000000a3400000, 0x00000000a3500000|  0%| F|  |TAMS 0x00000000a3400000, 0x00000000a3400000| Untracked 
|  41|0x00000000a3500000, 0x00000000a3500000, 0x00000000a3600000|  0%| F|  |TAMS 0x00000000a3500000, 0x00000000a3500000| Untracked 
|  42|0x00000000a3600000, 0x00000000a3600000, 0x00000000a3700000|  0%| F|  |TAMS 0x00000000a3600000, 0x00000000a3600000| Untracked 
|  43|0x00000000a3700000, 0x00000000a3700000, 0x00000000a3800000|  0%| F|  |TAMS 0x00000000a3700000, 0x00000000a3700000| Untracked 
|  44|0x00000000a3800000, 0x00000000a3800000, 0x00000000a3900000|  0%| F|  |TAMS 0x00000000a3800000, 0x00000000a3800000| Untracked 
|  45|0x00000000a3900000, 0x00000000a3900000, 0x00000000a3a00000|  0%| F|  |TAMS 0x00000000a3900000, 0x00000000a3900000| Untracked 
|  46|0x00000000a3a00000, 0x00000000a3a00000, 0x00000000a3b00000|  0%| F|  |TAMS 0x00000000a3a00000, 0x00000000a3a00000| Untracked 
|  47|0x00000000a3b00000, 0x00000000a3b00000, 0x00000000a3c00000|  0%| F|  |TAMS 0x00000000a3b00000, 0x00000000a3b00000| Untracked 
|  48|0x00000000a3c00000, 0x00000000a3c00000, 0x00000000a3d00000|  0%| F|  |TAMS 0x00000000a3c00000, 0x00000000a3c00000| Untracked 
|  49|0x00000000a3d00000, 0x00000000a3d00000, 0x00000000a3e00000|  0%| F|  |TAMS 0x00000000a3d00000, 0x00000000a3d00000| Untracked 
|  50|0x00000000a3e00000, 0x00000000a3e00000, 0x00000000a3f00000|  0%| F|  |TAMS 0x00000000a3e00000, 0x00000000a3e00000| Untracked 
|  51|0x00000000a3f00000, 0x00000000a3f00000, 0x00000000a4000000|  0%| F|  |TAMS 0x00000000a3f00000, 0x00000000a3f00000| Untracked 
|  52|0x00000000a4000000, 0x00000000a4000000, 0x00000000a4100000|  0%| F|  |TAMS 0x00000000a4000000, 0x00000000a4000000| Untracked 
|  53|0x00000000a4100000, 0x00000000a4100000, 0x00000000a4200000|  0%| F|  |TAMS 0x00000000a4100000, 0x00000000a4100000| Untracked 
|  54|0x00000000a4200000, 0x00000000a4200000, 0x00000000a4300000|  0%| F|  |TAMS 0x00000000a4200000, 0x00000000a4200000| Untracked 
|  55|0x00000000a4300000, 0x00000000a4300000, 0x00000000a4400000|  0%| F|  |TAMS 0x00000000a4300000, 0x00000000a4300000| Untracked 
|  56|0x00000000a4400000, 0x00000000a4400000, 0x00000000a4500000|  0%| F|  |TAMS 0x00000000a4400000, 0x00000000a4400000| Untracked 
|  57|0x00000000a4500000, 0x00000000a4500000, 0x00000000a4600000|  0%| F|  |TAMS 0x00000000a4500000, 0x00000000a4500000| Untracked 
|  58|0x00000000a4600000, 0x00000000a4600000, 0x00000000a4700000|  0%| F|  |TAMS 0x00000000a4600000, 0x00000000a4600000| Untracked 
|  59|0x00000000a4700000, 0x00000000a4700000, 0x00000000a4800000|  0%| F|  |TAMS 0x00000000a4700000, 0x00000000a4700000| Untracked 
|  60|0x00000000a4800000, 0x00000000a4800000, 0x00000000a4900000|  0%| F|  |TAMS 0x00000000a4800000, 0x00000000a4800000| Untracked 
|  61|0x00000000a4900000, 0x00000000a4900000, 0x00000000a4a00000|  0%| F|  |TAMS 0x00000000a4900000, 0x00000000a4900000| Untracked 
|  62|0x00000000a4a00000, 0x00000000a4a00000, 0x00000000a4b00000|  0%| F|  |TAMS 0x00000000a4a00000, 0x00000000a4a00000| Untracked 
|  63|0x00000000a4b00000, 0x00000000a4b00000, 0x00000000a4c00000|  0%| F|  |TAMS 0x00000000a4b00000, 0x00000000a4b00000| Untracked 
|  64|0x00000000a4c00000, 0x00000000a4c00000, 0x00000000a4d00000|  0%| F|  |TAMS 0x00000000a4c00000, 0x00000000a4c00000| Untracked 
|  65|0x00000000a4d00000, 0x00000000a4d00000, 0x00000000a4e00000|  0%| F|  |TAMS 0x00000000a4d00000, 0x00000000a4d00000| Untracked 
|  66|0x00000000a4e00000, 0x00000000a4e00000, 0x00000000a4f00000|  0%| F|  |TAMS 0x00000000a4e00000, 0x00000000a4e00000| Untracked 
|  67|0x00000000a4f00000, 0x00000000a4f00000, 0x00000000a5000000|  0%| F|  |TAMS 0x00000000a4f00000, 0x00000000a4f00000| Untracked 
|  68|0x00000000a5000000, 0x00000000a5000000, 0x00000000a5100000|  0%| F|  |TAMS 0x00000000a5000000, 0x00000000a5000000| Untracked 
|  69|0x00000000a5100000, 0x00000000a5100000, 0x00000000a5200000|  0%| F|  |TAMS 0x00000000a5100000, 0x00000000a5100000| Untracked 
|  70|0x00000000a5200000, 0x00000000a5200000, 0x00000000a5300000|  0%| F|  |TAMS 0x00000000a5200000, 0x00000000a5200000| Untracked 
|  71|0x00000000a5300000, 0x00000000a5300000, 0x00000000a5400000|  0%| F|  |TAMS 0x00000000a5300000, 0x00000000a5300000| Untracked 
|  72|0x00000000a5400000, 0x00000000a5400000, 0x00000000a5500000|  0%| F|  |TAMS 0x00000000a5400000, 0x00000000a5400000| Untracked 
|  73|0x00000000a5500000, 0x00000000a5500000, 0x00000000a5600000|  0%| F|  |TAMS 0x00000000a5500000, 0x00000000a5500000| Untracked 
|  74|0x00000000a5600000, 0x00000000a5600000, 0x00000000a5700000|  0%| F|  |TAMS 0x00000000a5600000, 0x00000000a5600000| Untracked 
|  75|0x00000000a5700000, 0x00000000a5700000, 0x00000000a5800000|  0%| F|  |TAMS 0x00000000a5700000, 0x00000000a5700000| Untracked 
|  76|0x00000000a5800000, 0x00000000a584e358, 0x00000000a5900000| 30%| E|  |TAMS 0x00000000a5800000, 0x00000000a5800000| Complete 

Card table byte_map: [0x000001c17d750000,0x000001c17da50000] _byte_map_base: 0x000001c17d24a000

Marking Bits (Prev, Next): (CMBitMap*) 0x000001c17a6fb140, (CMBitMap*) 0x000001c17a6fb100
 Prev Bits: [0x000001c103000000, 0x000001c1047d0000)
 Next Bits: [0x000001c17dd50000, 0x000001c17f520000)

Polling page: 0x000001c178650000

Metaspace:

Usage:
  Non-class:     33.24 MB used.
      Class:      4.81 MB used.
       Both:     38.05 MB used.

Virtual space:
  Non-class space:       40.00 MB reserved,      33.50 MB ( 84%) committed,  5 nodes.
      Class space:        1.00 GB reserved,       5.00 MB ( <1%) committed,  1 nodes.
             Both:        1.04 GB reserved,      38.50 MB (  4%) committed. 

Chunk freelists:
   Non-Class:  2.18 MB
       Class:  2.88 MB
        Both:  5.06 MB

MaxMetaspaceSize: unlimited
CompressedClassSpaceSize: 1.00 GB
Initial GC threshold: 21.00 MB
Current GC threshold: 64.19 MB
CDS: off
MetaspaceReclaimPolicy: balanced
 - commit_granule_bytes: 65536.
 - commit_granule_words: 8192.
 - virtual_space_node_default_size: 1048576.
 - enlarge_chunks_in_place: 1.
 - new_chunks_are_fully_committed: 0.
 - uncommit_free_chunks: 1.
 - use_allocation_guard: 0.
 - handle_deallocations: 1.


Internal statistics:

num_allocs_failed_limit: 3.
num_arena_births: 386.
num_arena_deaths: 94.
num_vsnodes_births: 6.
num_vsnodes_deaths: 0.
num_space_committed: 616.
num_space_uncommitted: 0.
num_chunks_returned_to_freelist: 103.
num_chunks_taken_from_freelist: 1564.
num_chunk_merges: 34.
num_chunk_splits: 1070.
num_chunks_enlarged: 807.
num_purges: 4.
num_inconsistent_stats: 0.

CodeCache: size=49152Kb used=10377Kb max_used=11488Kb free=38774Kb
 bounds [0x000001c100000000, 0x000001c100b90000, 0x000001c103000000]
 total_blobs=5939 nmethods=5390 adapters=475
 compilation: enabled
              stopped_count=0, restarted_count=0
 full_count=0

Compilation events (20 events):
Event: 159.220 Thread 0x000001c109b49760 5377       1       com.google.common.collect.UnmodifiableIterator::<init> (5 bytes)
Event: 159.221 Thread 0x000001c109b49760 nmethod 5377 0x000001c100a36b90 code [0x000001c100a36d20, 0x000001c100a36dd8]
Event: 159.379 Thread 0x000001c109b49760 5378       1       java.util.concurrent.ThreadPoolExecutor::isRunning (10 bytes)
Event: 159.380 Thread 0x000001c109b49760 nmethod 5378 0x000001c100a36890 code [0x000001c100a36a20, 0x000001c100a36ad8]
Event: 164.220 Thread 0x000001c109b49760 5379       1       java.util.concurrent.locks.LockSupport::setBlocker (12 bytes)
Event: 164.220 Thread 0x000001c109b49760 nmethod 5379 0x000001c100a36590 code [0x000001c100a36720, 0x000001c100a36818]
Event: 164.898 Thread 0x000001c109b49760 5380       1       java.net.URI::hashCode (123 bytes)
Event: 164.898 Thread 0x000001c17ff7dca0 5381       1       java.lang.String::<init> (10 bytes)
Event: 164.899 Thread 0x000001c17ff7dca0 nmethod 5381 0x000001c100a35d10 code [0x000001c100a35f00, 0x000001c100a362c8]
Event: 164.899 Thread 0x000001c17ff7dca0 5382       1       java.lang.String::<init> (13 bytes)
Event: 164.899 Thread 0x000001c109b49760 nmethod 5380 0x000001c100a35090 code [0x000001c100a35320, 0x000001c100a35978]
Event: 164.899 Thread 0x000001c17ff7dca0 nmethod 5382 0x000001c100a34890 code [0x000001c100a34a60, 0x000001c100a34e28]
Event: 164.900 Thread 0x000001c17ff7dca0 5383       1       java.lang.Class::searchMethods (104 bytes)
Event: 164.900 Thread 0x000001c109b49760 5384       1       java.util.concurrent.locks.ReentrantLock$Sync::isHeldExclusively (16 bytes)
Event: 164.900 Thread 0x000001c109b49760 nmethod 5384 0x000001c100a34590 code [0x000001c100a34720, 0x000001c100a34818]
Event: 164.901 Thread 0x000001c17ff7dca0 nmethod 5383 0x000001c100a33c90 code [0x000001c100a33e80, 0x000001c100a34248]
Event: 164.902 Thread 0x000001c17ff7dca0 5385       1       org.eclipse.jdt.core.dom.ASTVisitor::visit (2 bytes)
Event: 164.902 Thread 0x000001c17ff7dca0 nmethod 5385 0x000001c100a33990 code [0x000001c100a33b20, 0x000001c100a33bf8]
Event: 164.959 Thread 0x000001c109b49760 5386       1       org.eclipse.jdt.internal.compiler.codegen.CharArrayCache::<init> (34 bytes)
Event: 164.959 Thread 0x000001c109b49760 nmethod 5386 0x000001c100a33410 code [0x000001c100a335a0, 0x000001c100a33878]

GC Heap History (20 events):
Event: 54.000 GC heap before
{Heap before GC invocations=26 (full 0):
 garbage-first heap   total 94208K, used 75162K [0x00000000a0c00000, 0x0000000100000000)
  region size 1024K, 43 young (44032K), 3 survivors (3072K)
 Metaspace       used 38420K, committed 38848K, reserved 1089536K
  class space    used 4845K, committed 5056K, reserved 1048576K
}
Event: 54.002 GC heap after
{Heap after GC invocations=27 (full 0):
 garbage-first heap   total 94208K, used 33580K [0x00000000a0c00000, 0x0000000100000000)
  region size 1024K, 2 young (2048K), 2 survivors (2048K)
 Metaspace       used 38420K, committed 38848K, reserved 1089536K
  class space    used 4845K, committed 5056K, reserved 1048576K
}
Event: 60.768 GC heap before
{Heap before GC invocations=27 (full 0):
 garbage-first heap   total 94208K, used 76588K [0x00000000a0c00000, 0x0000000100000000)
  region size 1024K, 44 young (45056K), 2 survivors (2048K)
 Metaspace       used 38437K, committed 38848K, reserved 1089536K
  class space    used 4847K, committed 5056K, reserved 1048576K
}
Event: 60.771 GC heap after
{Heap after GC invocations=28 (full 0):
 garbage-first heap   total 94208K, used 34079K [0x00000000a0c00000, 0x0000000100000000)
  region size 1024K, 3 young (3072K), 3 survivors (3072K)
 Metaspace       used 38437K, committed 38848K, reserved 1089536K
  class space    used 4847K, committed 5056K, reserved 1048576K
}
Event: 78.450 GC heap before
{Heap before GC invocations=28 (full 0):
 garbage-first heap   total 94208K, used 76063K [0x00000000a0c00000, 0x0000000100000000)
  region size 1024K, 44 young (45056K), 3 survivors (3072K)
 Metaspace       used 38456K, committed 38848K, reserved 1089536K
  class space    used 4851K, committed 5056K, reserved 1048576K
}
Event: 78.473 GC heap after
{Heap after GC invocations=29 (full 0):
 garbage-first heap   total 94208K, used 33976K [0x00000000a0c00000, 0x0000000100000000)
  region size 1024K, 3 young (3072K), 3 survivors (3072K)
 Metaspace       used 38456K, committed 38848K, reserved 1089536K
  class space    used 4851K, committed 5056K, reserved 1048576K
}
Event: 83.339 GC heap before
{Heap before GC invocations=29 (full 0):
 garbage-first heap   total 94208K, used 76984K [0x00000000a0c00000, 0x0000000100000000)
  region size 1024K, 45 young (46080K), 3 survivors (3072K)
 Metaspace       used 38609K, committed 38976K, reserved 1089536K
  class space    used 4877K, committed 5056K, reserved 1048576K
}
Event: 83.344 GC heap after
{Heap after GC invocations=30 (full 0):
 garbage-first heap   total 94208K, used 34771K [0x00000000a0c00000, 0x0000000100000000)
  region size 1024K, 4 young (4096K), 4 survivors (4096K)
 Metaspace       used 38609K, committed 38976K, reserved 1089536K
  class space    used 4877K, committed 5056K, reserved 1048576K
}
Event: 108.783 GC heap before
{Heap before GC invocations=30 (full 0):
 garbage-first heap   total 94208K, used 76755K [0x00000000a0c00000, 0x0000000100000000)
  region size 1024K, 45 young (46080K), 4 survivors (4096K)
 Metaspace       used 38675K, committed 39040K, reserved 1089536K
  class space    used 4889K, committed 5056K, reserved 1048576K
}
Event: 108.786 GC heap after
{Heap after GC invocations=31 (full 0):
 garbage-first heap   total 94208K, used 35095K [0x00000000a0c00000, 0x0000000100000000)
  region size 1024K, 4 young (4096K), 4 survivors (4096K)
 Metaspace       used 38675K, committed 39040K, reserved 1089536K
  class space    used 4889K, committed 5056K, reserved 1048576K
}
Event: 115.100 GC heap before
{Heap before GC invocations=31 (full 0):
 garbage-first heap   total 94208K, used 77079K [0x00000000a0c00000, 0x0000000100000000)
  region size 1024K, 45 young (46080K), 4 survivors (4096K)
 Metaspace       used 38675K, committed 39040K, reserved 1089536K
  class space    used 4889K, committed 5056K, reserved 1048576K
}
Event: 115.102 GC heap after
{Heap after GC invocations=32 (full 0):
 garbage-first heap   total 94208K, used 33371K [0x00000000a0c00000, 0x0000000100000000)
  region size 1024K, 2 young (2048K), 2 survivors (2048K)
 Metaspace       used 38675K, committed 39040K, reserved 1089536K
  class space    used 4889K, committed 5056K, reserved 1048576K
}
Event: 122.073 GC heap before
{Heap before GC invocations=32 (full 0):
 garbage-first heap   total 94208K, used 77403K [0x00000000a0c00000, 0x0000000100000000)
  region size 1024K, 45 young (46080K), 2 survivors (2048K)
 Metaspace       used 38680K, committed 39104K, reserved 1089536K
  class space    used 4890K, committed 5056K, reserved 1048576K
}
Event: 122.075 GC heap after
{Heap after GC invocations=33 (full 0):
 garbage-first heap   total 94208K, used 33081K [0x00000000a0c00000, 0x0000000100000000)
  region size 1024K, 2 young (2048K), 2 survivors (2048K)
 Metaspace       used 38680K, committed 39104K, reserved 1089536K
  class space    used 4890K, committed 5056K, reserved 1048576K
}
Event: 164.942 GC heap before
{Heap before GC invocations=33 (full 0):
 garbage-first heap   total 94208K, used 76089K [0x00000000a0c00000, 0x0000000100000000)
  region size 1024K, 45 young (46080K), 2 survivors (2048K)
 Metaspace       used 38980K, committed 39360K, reserved 1089536K
  class space    used 4939K, committed 5120K, reserved 1048576K
}
Event: 164.945 GC heap after
{Heap after GC invocations=34 (full 0):
 garbage-first heap   total 94208K, used 33697K [0x00000000a0c00000, 0x0000000100000000)
  region size 1024K, 3 young (3072K), 3 survivors (3072K)
 Metaspace       used 38980K, committed 39360K, reserved 1089536K
  class space    used 4939K, committed 5120K, reserved 1048576K
}
Event: 204.410 GC heap before
{Heap before GC invocations=34 (full 0):
 garbage-first heap   total 94208K, used 41889K [0x00000000a0c00000, 0x0000000100000000)
  region size 1024K, 12 young (12288K), 3 survivors (3072K)
 Metaspace       used 39065K, committed 39424K, reserved 1089536K
  class space    used 4949K, committed 5120K, reserved 1048576K
}
Event: 204.439 GC heap after
{Heap after GC invocations=35 (full 1):
 garbage-first heap   total 81920K, used 22356K [0x00000000a0c00000, 0x0000000100000000)
  region size 1024K, 0 young (0K), 0 survivors (0K)
 Metaspace       used 38985K, committed 39424K, reserved 1089536K
  class space    used 4929K, committed 5120K, reserved 1048576K
}
Event: 214.615 GC heap before
{Heap before GC invocations=35 (full 1):
 garbage-first heap   total 81920K, used 22356K [0x00000000a0c00000, 0x0000000100000000)
  region size 1024K, 1 young (1024K), 0 survivors (0K)
 Metaspace       used 38985K, committed 39424K, reserved 1089536K
  class space    used 4929K, committed 5120K, reserved 1048576K
}
Event: 214.639 GC heap after
{Heap after GC invocations=36 (full 2):
 garbage-first heap   total 78848K, used 22077K [0x00000000a0c00000, 0x0000000100000000)
  region size 1024K, 0 young (0K), 0 survivors (0K)
 Metaspace       used 38964K, committed 39424K, reserved 1089536K
  class space    used 4925K, committed 5120K, reserved 1048576K
}

Deoptimization events (20 events):
Event: 7.962 Thread 0x000001c10961f060 DEOPT PACKING pc=0x000001c10050cc81 sp=0x00000011b9afd810
Event: 7.962 Thread 0x000001c10961f060 DEOPT UNPACKING pc=0x000001c100052b43 sp=0x00000011b9afcca0 mode 3
Event: 8.557 Thread 0x000001c1098efa80 DEOPT PACKING pc=0x000001c100503f17 sp=0x00000011b9bfeea0
Event: 8.557 Thread 0x000001c1098efa80 DEOPT UNPACKING pc=0x000001c100052b43 sp=0x00000011b9bfe2f8 mode 3
Event: 9.013 Thread 0x000001c109936310 DEOPT PACKING pc=0x000001c10087616a sp=0x00000011b9dfd1d0
Event: 9.013 Thread 0x000001c109936310 DEOPT UNPACKING pc=0x000001c100052b43 sp=0x00000011b9dfc690 mode 3
Event: 9.047 Thread 0x000001c1099e0960 DEOPT PACKING pc=0x000001c10089c3f0 sp=0x00000011ba0fdd40
Event: 9.047 Thread 0x000001c1099e0960 DEOPT UNPACKING pc=0x000001c100052b43 sp=0x00000011ba0fd238 mode 3
Event: 9.173 Thread 0x000001c109936310 DEOPT PACKING pc=0x000001c1008c71db sp=0x00000011b9dfdea0
Event: 9.173 Thread 0x000001c109936310 DEOPT UNPACKING pc=0x000001c100052b43 sp=0x00000011b9dfd338 mode 3
Event: 9.210 Thread 0x000001c1099e0960 DEOPT PACKING pc=0x000001c1008e9e14 sp=0x00000011ba0fcee0
Event: 9.210 Thread 0x000001c1099e0960 DEOPT UNPACKING pc=0x000001c100052b43 sp=0x00000011ba0fc370 mode 3
Event: 9.284 Thread 0x000001c1099e0960 DEOPT PACKING pc=0x000001c100516442 sp=0x00000011ba0fdcc0
Event: 9.284 Thread 0x000001c1099e0960 DEOPT UNPACKING pc=0x000001c100052b43 sp=0x00000011ba0fd1c8 mode 3
Event: 13.720 Thread 0x000001c109936310 DEOPT PACKING pc=0x000001c10098c7c6 sp=0x00000011b9dfd000
Event: 13.720 Thread 0x000001c109936310 DEOPT UNPACKING pc=0x000001c100052b43 sp=0x00000011b9dfc4f0 mode 3
Event: 30.985 Thread 0x000001c1099e0490 DEOPT PACKING pc=0x000001c100196720 sp=0x00000011ba1fdaa0
Event: 30.985 Thread 0x000001c1099e0490 DEOPT UNPACKING pc=0x000001c100052b43 sp=0x00000011ba1fcf20 mode 3
Event: 88.169 Thread 0x000001c109936310 DEOPT PACKING pc=0x000001c1001104be sp=0x00000011b9dfc720
Event: 88.169 Thread 0x000001c109936310 DEOPT UNPACKING pc=0x000001c100052b43 sp=0x00000011b9dfbc18 mode 3

Classes unloaded (20 events):
Event: 204.418 Thread 0x000001c17ff22cf0 Unloading class 0x00000001001de800 'java/lang/invoke/LambdaForm$MH+0x00000001001de800'
Event: 204.418 Thread 0x000001c17ff22cf0 Unloading class 0x00000001001de400 'java/lang/invoke/LambdaForm$MH+0x00000001001de400'
Event: 204.418 Thread 0x000001c17ff22cf0 Unloading class 0x00000001001de000 'java/lang/invoke/LambdaForm$MH+0x00000001001de000'
Event: 204.418 Thread 0x000001c17ff22cf0 Unloading class 0x00000001001ddc00 'java/lang/invoke/LambdaForm$MH+0x00000001001ddc00'
Event: 204.418 Thread 0x000001c17ff22cf0 Unloading class 0x00000001001dd400 'java/lang/invoke/LambdaForm$MH+0x00000001001dd400'
Event: 204.418 Thread 0x000001c17ff22cf0 Unloading class 0x00000001000ca800 'java/lang/invoke/LambdaForm$MH+0x00000001000ca800'
Event: 204.418 Thread 0x000001c17ff22cf0 Unloading class 0x00000001000ca000 'java/lang/invoke/LambdaForm$MH+0x00000001000ca000'
Event: 204.418 Thread 0x000001c17ff22cf0 Unloading class 0x00000001000c9c00 'java/lang/invoke/LambdaForm$MH+0x00000001000c9c00'
Event: 204.418 Thread 0x000001c17ff22cf0 Unloading class 0x00000001000c9800 'java/lang/invoke/LambdaForm$MH+0x00000001000c9800'
Event: 204.418 Thread 0x000001c17ff22cf0 Unloading class 0x00000001000c9000 'java/lang/invoke/LambdaForm$MH+0x00000001000c9000'
Event: 204.418 Thread 0x000001c17ff22cf0 Unloading class 0x00000001000c8c00 'java/lang/invoke/LambdaForm$MH+0x00000001000c8c00'
Event: 204.418 Thread 0x000001c17ff22cf0 Unloading class 0x00000001000c8800 'java/lang/invoke/LambdaForm$MH+0x00000001000c8800'
Event: 204.418 Thread 0x000001c17ff22cf0 Unloading class 0x00000001000c8000 'java/lang/invoke/LambdaForm$MH+0x00000001000c8000'
Event: 214.623 Thread 0x000001c17ff22cf0 Unloading class 0x000000010051ec00 'jdk/internal/reflect/GeneratedMethodAccessor19'
Event: 214.623 Thread 0x000001c17ff22cf0 Unloading class 0x000000010051e800 'jdk/internal/reflect/GeneratedConstructorAccessor24'
Event: 214.623 Thread 0x000001c17ff22cf0 Unloading class 0x000000010051e400 'jdk/internal/reflect/GeneratedMethodAccessor18'
Event: 214.623 Thread 0x000001c17ff22cf0 Unloading class 0x000000010051e000 'jdk/internal/reflect/GeneratedConstructorAccessor23'
Event: 214.623 Thread 0x000001c17ff22cf0 Unloading class 0x000000010051dc00 'jdk/internal/reflect/GeneratedMethodAccessor17'
Event: 214.623 Thread 0x000001c17ff22cf0 Unloading class 0x000000010051d800 'jdk/internal/reflect/GeneratedMethodAccessor16'
Event: 214.623 Thread 0x000001c17ff22cf0 Unloading class 0x000000010051d400 'jdk/internal/reflect/GeneratedMethodAccessor15'

Classes redefined (0 events):
No events

Internal exceptions (20 events):
Event: 159.133 Thread 0x000001c1099308b0 Exception <a 'java/lang/ArrayIndexOutOfBoundsException'{0x00000000a52ead50}> (0x00000000a52ead50) 
thrown [e:\jenkins\tmp\workspace\build\src\src\hotspot\share\runtime\sharedRuntime.cpp, line 628]
Event: 159.173 Thread 0x000001c1099e0490 Exception <a 'java/lang/ArrayIndexOutOfBoundsException'{0x00000000a50711d0}> (0x00000000a50711d0) 
thrown [e:\jenkins\tmp\workspace\build\src\src\hotspot\share\runtime\sharedRuntime.cpp, line 628]
Event: 159.197 Thread 0x000001c1099e0490 Exception <a 'java/lang/ArrayIndexOutOfBoundsException'{0x00000000a44c9658}> (0x00000000a44c9658) 
thrown [e:\jenkins\tmp\workspace\build\src\src\hotspot\share\runtime\sharedRuntime.cpp, line 628]
Event: 159.201 Thread 0x000001c1099e0490 Exception <a 'java/lang/ArrayIndexOutOfBoundsException'{0x00000000a44e5dc0}> (0x00000000a44e5dc0) 
thrown [e:\jenkins\tmp\workspace\build\src\src\hotspot\share\runtime\sharedRuntime.cpp, line 628]
Event: 159.202 Thread 0x000001c1099e0490 Exception <a 'java/lang/ArrayIndexOutOfBoundsException'{0x00000000a44fb120}> (0x00000000a44fb120) 
thrown [e:\jenkins\tmp\workspace\build\src\src\hotspot\share\runtime\sharedRuntime.cpp, line 628]
Event: 159.205 Thread 0x000001c1099e0490 Exception <a 'java/lang/ArrayIndexOutOfBoundsException'{0x00000000a430c880}> (0x00000000a430c880) 
thrown [e:\jenkins\tmp\workspace\build\src\src\hotspot\share\runtime\sharedRuntime.cpp, line 628]
Event: 159.210 Thread 0x000001c1099e0490 Exception <a 'java/lang/ArrayIndexOutOfBoundsException'{0x00000000a43549f0}> (0x00000000a43549f0) 
thrown [e:\jenkins\tmp\workspace\build\src\src\hotspot\share\runtime\sharedRuntime.cpp, line 628]
Event: 159.212 Thread 0x000001c1099e0490 Exception <a 'java/lang/ArrayIndexOutOfBoundsException'{0x00000000a4388b08}> (0x00000000a4388b08) 
thrown [e:\jenkins\tmp\workspace\build\src\src\hotspot\share\runtime\sharedRuntime.cpp, line 628]
Event: 159.213 Thread 0x000001c1099e0490 Exception <a 'java/lang/ArrayIndexOutOfBoundsException'{0x00000000a439b6b8}> (0x00000000a439b6b8) 
thrown [e:\jenkins\tmp\workspace\build\src\src\hotspot\share\runtime\sharedRuntime.cpp, line 628]
Event: 159.213 Thread 0x000001c1099e0490 Exception <a 'java/lang/ArrayIndexOutOfBoundsException'{0x00000000a43ae228}> (0x00000000a43ae228) 
thrown [e:\jenkins\tmp\workspace\build\src\src\hotspot\share\runtime\sharedRuntime.cpp, line 628]
Event: 159.214 Thread 0x000001c1099e0490 Exception <a 'java/lang/ArrayIndexOutOfBoundsException'{0x00000000a43c0e00}> (0x00000000a43c0e00) 
thrown [e:\jenkins\tmp\workspace\build\src\src\hotspot\share\runtime\sharedRuntime.cpp, line 628]
Event: 159.214 Thread 0x000001c1099e0490 Exception <a 'java/lang/ArrayIndexOutOfBoundsException'{0x00000000a43d3968}> (0x00000000a43d3968) 
thrown [e:\jenkins\tmp\workspace\build\src\src\hotspot\share\runtime\sharedRuntime.cpp, line 628]
Event: 159.215 Thread 0x000001c1099e0490 Exception <a 'java/lang/ArrayIndexOutOfBoundsException'{0x00000000a43e64d0}> (0x00000000a43e64d0) 
thrown [e:\jenkins\tmp\workspace\build\src\src\hotspot\share\runtime\sharedRuntime.cpp, line 628]
Event: 164.901 Thread 0x000001c109936310 Exception <a 'java/lang/ArrayIndexOutOfBoundsException'{0x00000000a4112b60}> (0x00000000a4112b60) 
thrown [e:\jenkins\tmp\workspace\build\src\src\hotspot\share\runtime\sharedRuntime.cpp, line 628]
Event: 164.936 Thread 0x000001c1099e0490 Exception <a 'java/lang/ArrayIndexOutOfBoundsException'{0x00000000a41b0f98}> (0x00000000a41b0f98) 
thrown [e:\jenkins\tmp\workspace\build\src\src\hotspot\share\runtime\sharedRuntime.cpp, line 628]
Event: 204.262 Thread 0x000001c109818270 Exception <a 'java/lang/NoSuchMethodError'{0x00000000a5f75fb8}: 'void java.lang.invoke.DirectMethodHandle$Holder.invokeStatic(java.lang.Object, long)'> (0x00000000a5f75fb8) 
thrown [e:\jenkins\tmp\workspace\build\src\src\hotspot\share\interpreter\linkResolver.cpp, line 766]
Event: 204.263 Thread 0x000001c109818270 Exception <a 'java/lang/NoSuchMethodError'{0x00000000a5f7b440}: 'java.lang.Object java.lang.invoke.DirectMethodHandle$Holder.newInvokeSpecial(java.lang.Object, long)'> (0x00000000a5f7b440) 
thrown [e:\jenkins\tmp\workspace\build\src\src\hotspot\share\interpreter\linkResolver.cpp, line 766]
Event: 204.264 Thread 0x000001c109818270 Exception <a 'java/lang/NoSuchMethodError'{0x00000000a5f81ed8}: 'java.lang.Object java.lang.invoke.DirectMethodHandle$Holder.invokeStatic(java.lang.Object, java.lang.Object, long, java.lang.Object)'> (0x00000000a5f81ed8) 
thrown [e:\jenkins\tmp\workspace\build\src\src\hotspot\share\interpreter\linkResolver.cpp, line 766]
Event: 204.265 Thread 0x000001c109818270 Exception <a 'java/lang/NoSuchMethodError'{0x00000000a5f859f8}: 'java.lang.Object java.lang.invoke.DirectMethodHandle$Holder.invokeStaticInit(java.lang.Object, java.lang.Object, long, java.lang.Object)'> (0x00000000a5f859f8) 
thrown [e:\jenkins\tmp\workspace\build\src\src\hotspot\share\interpreter\linkResolver.cpp, line 766]
Event: 204.265 Thread 0x000001c109818270 Exception <a 'java/lang/NoSuchMethodError'{0x00000000a5f8be48}: 'java.lang.Object java.lang.invoke.DirectMethodHandle$Holder.newInvokeSpecial(java.lang.Object, java.lang.Object, long)'> (0x00000000a5f8be48) 
thrown [e:\jenkins\tmp\workspace\build\src\src\hotspot\share\interpreter\linkResolver.cpp, line 766]

VM Operations (20 events):
Event: 142.178 Executing VM operation: Cleanup done
Event: 143.191 Executing VM operation: Cleanup
Event: 143.191 Executing VM operation: Cleanup done
Event: 150.284 Executing VM operation: Cleanup
Event: 150.284 Executing VM operation: Cleanup done
Event: 153.312 Executing VM operation: Cleanup
Event: 153.312 Executing VM operation: Cleanup done
Event: 159.361 Executing VM operation: Cleanup
Event: 159.361 Executing VM operation: Cleanup done
Event: 164.942 Executing VM operation: G1CollectForAllocation
Event: 164.945 Executing VM operation: G1CollectForAllocation done
Event: 204.266 Executing VM operation: HandshakeAllThreads
Event: 204.266 Executing VM operation: HandshakeAllThreads done
Event: 204.266 Executing VM operation: Cleanup
Event: 204.267 Executing VM operation: Cleanup done
Event: 204.410 Executing VM operation: G1CollectFull
Event: 204.439 Executing VM operation: G1CollectFull done
Event: 214.615 Executing VM operation: G1CollectFull
Event: 214.639 Executing VM operation: G1CollectFull done
Event: 224.730 Executing VM operation: G1CollectFull

Events (20 events):
Event: 159.028 Thread 0x000001c109b4d180 Thread added: 0x000001c109b4d180
Event: 164.220 Thread 0x000001c109b4d180 Thread exited: 0x000001c109b4d180
Event: 169.962 Thread 0x000001c109b49760 Thread exited: 0x000001c109b49760
Event: 204.251 loading class java/lang/ProcessBuilder
Event: 204.255 loading class java/lang/ProcessBuilder done
Event: 204.255 loading class java/lang/ProcessImpl
Event: 204.255 loading class java/lang/Process
Event: 204.255 loading class java/lang/Process done
Event: 204.255 loading class java/lang/ProcessImpl done
Event: 204.263 loading class java/lang/ProcessHandleImpl
Event: 204.264 loading class java/lang/ProcessHandle
Event: 204.264 loading class java/lang/ProcessHandle done
Event: 204.264 loading class java/lang/ProcessHandleImpl done
Event: 204.265 loading class java/lang/ProcessImpl$2
Event: 204.266 loading class java/lang/ProcessImpl$2 done
Event: 204.266 loading class java/lang/Process$PipeInputStream
Event: 204.266 loading class java/lang/Process$PipeInputStream done
Event: 204.267 loading class jdk/internal/event/ProcessStartEvent
Event: 204.267 loading class jdk/internal/event/ProcessStartEvent done
Event: 219.156 Thread 0x000001c1099308b0 Thread exited: 0x000001c1099308b0


Dynamic libraries:
0x00007ff61a4f0000 - 0x00007ff61a4fe000 	c:\Users\ercan\.vscode\extensions\redhat.java-1.6.0-win32-x64\jre\17.0.2-win32-x86_64\bin\java.exe
0x00007fff191b0000 - 0x00007fff193a5000 	C:\WINDOWS\SYSTEM32\ntdll.dll
0x00007fff17a20000 - 0x00007fff17ade000 	C:\WINDOWS\System32\KERNEL32.DLL
0x00007fff16980000 - 0x00007fff16c48000 	C:\WINDOWS\System32\KERNELBASE.dll
0x00007fff140f0000 - 0x00007fff14180000 	C:\WINDOWS\SYSTEM32\apphelp.dll
0x00007fff16f80000 - 0x00007fff17080000 	C:\WINDOWS\System32\ucrtbase.dll
0x00007ffef1540000 - 0x00007ffef1558000 	c:\Users\ercan\.vscode\extensions\redhat.java-1.6.0-win32-x64\jre\17.0.2-win32-x86_64\bin\jli.dll
0x00007ffef54c0000 - 0x00007ffef54d9000 	c:\Users\ercan\.vscode\extensions\redhat.java-1.6.0-win32-x64\jre\17.0.2-win32-x86_64\bin\VCRUNTIME140.dll
0x00007fff18270000 - 0x00007fff18410000 	C:\WINDOWS\System32\USER32.dll
0x00007fff01530000 - 0x00007fff017ca000 	C:\WINDOWS\WinSxS\amd64_microsoft.windows.common-controls_6595b64144ccf1df_6.0.19041.1110_none_60b5254171f9507e\COMCTL32.dll
0x00007fff17130000 - 0x00007fff17152000 	C:\WINDOWS\System32\win32u.dll
0x00007fff18fe0000 - 0x00007fff1900b000 	C:\WINDOWS\System32\GDI32.dll
0x00007fff181d0000 - 0x00007fff1826e000 	C:\WINDOWS\System32\msvcrt.dll
0x00007fff16cc0000 - 0x00007fff16dcd000 	C:\WINDOWS\System32\gdi32full.dll
0x00007fff17160000 - 0x00007fff171fd000 	C:\WINDOWS\System32\msvcp_win.dll
0x00007fff17540000 - 0x00007fff17570000 	C:\WINDOWS\System32\IMM32.DLL
0x00007ffefd410000 - 0x00007ffefd41c000 	c:\Users\ercan\.vscode\extensions\redhat.java-1.6.0-win32-x64\jre\17.0.2-win32-x86_64\bin\vcruntime140_1.dll
0x00007ffed09e0000 - 0x00007ffed0a71000 	c:\Users\ercan\.vscode\extensions\redhat.java-1.6.0-win32-x64\jre\17.0.2-win32-x86_64\bin\msvcp140.dll
0x00007ffebdf60000 - 0x00007ffebeba7000 	c:\Users\ercan\.vscode\extensions\redhat.java-1.6.0-win32-x64\jre\17.0.2-win32-x86_64\bin\server\jvm.dll
0x00007fff17490000 - 0x00007fff1753e000 	C:\WINDOWS\System32\ADVAPI32.dll
0x00007fff18c80000 - 0x00007fff18d1c000 	C:\WINDOWS\System32\sechost.dll
0x00007fff178f0000 - 0x00007fff17a15000 	C:\WINDOWS\System32\RPCRT4.dll
0x00007fff17580000 - 0x00007fff17588000 	C:\WINDOWS\System32\PSAPI.DLL
0x00007ffefb4a0000 - 0x00007ffefb4a9000 	C:\WINDOWS\SYSTEM32\WSOCK32.dll
0x00007fff0a9e0000 - 0x00007fff0aa07000 	C:\WINDOWS\SYSTEM32\WINMM.dll
0x00007fff0ed30000 - 0x00007fff0ed3a000 	C:\WINDOWS\SYSTEM32\VERSION.dll
0x00007fff18160000 - 0x00007fff181cb000 	C:\WINDOWS\System32\WS2_32.dll
0x00007fff146d0000 - 0x00007fff146e2000 	C:\WINDOWS\SYSTEM32\kernel.appcore.dll
0x00007ffef61c0000 - 0x00007ffef61ca000 	c:\Users\ercan\.vscode\extensions\redhat.java-1.6.0-win32-x64\jre\17.0.2-win32-x86_64\bin\jimage.dll
0x00007fff01810000 - 0x00007fff019f4000 	C:\WINDOWS\SYSTEM32\DBGHELP.DLL
0x00007ffefcc70000 - 0x00007ffefcc9c000 	C:\WINDOWS\SYSTEM32\dbgcore.DLL
0x00007fff168f0000 - 0x00007fff16972000 	C:\WINDOWS\System32\bcryptPrimitives.dll
0x00007ffee9040000 - 0x00007ffee9065000 	c:\Users\ercan\.vscode\extensions\redhat.java-1.6.0-win32-x64\jre\17.0.2-win32-x86_64\bin\java.dll
0x00007ffeed6c0000 - 0x00007ffeed6d8000 	c:\Users\ercan\.vscode\extensions\redhat.java-1.6.0-win32-x64\jre\17.0.2-win32-x86_64\bin\zip.dll
0x00007fff18410000 - 0x00007fff18b54000 	C:\WINDOWS\System32\SHELL32.dll
0x00007fff149b0000 - 0x00007fff15144000 	C:\WINDOWS\SYSTEM32\windows.storage.dll
0x00007fff17590000 - 0x00007fff178e5000 	C:\WINDOWS\System32\combase.dll
0x00007fff162c0000 - 0x00007fff162ee000 	C:\WINDOWS\SYSTEM32\Wldp.dll
0x00007fff18d20000 - 0x00007fff18dcd000 	C:\WINDOWS\System32\SHCORE.dll
0x00007fff17430000 - 0x00007fff17485000 	C:\WINDOWS\System32\shlwapi.dll
0x00007fff16800000 - 0x00007fff1681f000 	C:\WINDOWS\SYSTEM32\profapi.dll
0x00007ffefe960000 - 0x00007ffefe979000 	C:\Users\ercan\.vscode\extensions\redhat.java-1.6.0-win32-x64\jre\17.0.2-win32-x86_64\bin\net.dll
0x00007fff0e180000 - 0x00007fff0e28c000 	C:\WINDOWS\SYSTEM32\WINHTTP.dll
0x00007fff15fa0000 - 0x00007fff1600a000 	C:\WINDOWS\system32\mswsock.dll
0x00007fff0f8f0000 - 0x00007fff0f905000 	C:\Users\ercan\.vscode\extensions\redhat.java-1.6.0-win32-x64\jre\17.0.2-win32-x86_64\bin\nio.dll
0x00007fff11b50000 - 0x00007fff11b60000 	c:\Users\ercan\.vscode\extensions\redhat.java-1.6.0-win32-x64\jre\17.0.2-win32-x86_64\bin\verify.dll
0x00007fff0f630000 - 0x00007fff0f639000 	C:\Users\ercan\.vscode\extensions\redhat.java-1.6.0-win32-x64\jre\17.0.2-win32-x86_64\bin\management.dll
0x00007fff0f510000 - 0x00007fff0f51b000 	C:\Users\ercan\.vscode\extensions\redhat.java-1.6.0-win32-x64\jre\17.0.2-win32-x86_64\bin\management_ext.dll
0x00007ffeeee10000 - 0x00007ffeeee27000 	C:\WINDOWS\system32\napinsp.dll
0x00007ffee8f50000 - 0x00007ffee8f6b000 	C:\WINDOWS\system32\pnrpnsp.dll
0x00007ffef47a0000 - 0x00007ffef47b5000 	C:\WINDOWS\system32\wshbth.dll
0x00007fff12460000 - 0x00007fff1247d000 	C:\WINDOWS\system32\NLAapi.dll
0x00007fff15c90000 - 0x00007fff15ccb000 	C:\WINDOWS\SYSTEM32\IPHLPAPI.DLL
0x00007fff15cd0000 - 0x00007fff15d9b000 	C:\WINDOWS\SYSTEM32\DNSAPI.dll
0x00007fff17570000 - 0x00007fff17578000 	C:\WINDOWS\System32\NSI.dll
0x00007ffee8a30000 - 0x00007ffee8a42000 	C:\WINDOWS\System32\winrnr.dll
0x00007fff0c5b0000 - 0x00007fff0c5ba000 	C:\Windows\System32\rasadhlp.dll
0x00007fff0c0a0000 - 0x00007fff0c11f000 	C:\WINDOWS\System32\fwpuclnt.dll
0x00007fff168c0000 - 0x00007fff168e7000 	C:\WINDOWS\System32\bcrypt.dll
0x00007fff16200000 - 0x00007fff16218000 	C:\WINDOWS\SYSTEM32\CRYPTSP.dll
0x00007fff15920000 - 0x00007fff15954000 	C:\WINDOWS\system32\rsaenh.dll
0x00007fff16780000 - 0x00007fff167ae000 	C:\WINDOWS\SYSTEM32\USERENV.dll
0x00007fff161f0000 - 0x00007fff161fc000 	C:\WINDOWS\SYSTEM32\CRYPTBASE.dll
0x00007fff101c0000 - 0x00007fff101d7000 	C:\WINDOWS\SYSTEM32\dhcpcsvc6.DLL
0x00007fff101a0000 - 0x00007fff101bd000 	C:\WINDOWS\SYSTEM32\dhcpcsvc.DLL

dbghelp: loaded successfully - version: 4.0.5 - missing functions: none
symbol engine: initialized successfully - sym options: 0x614 - pdb path: .;c:\Users\ercan\.vscode\extensions\redhat.java-1.6.0-win32-x64\jre\17.0.2-win32-x86_64\bin;C:\WINDOWS\SYSTEM32;C:\WINDOWS\WinSxS\amd64_microsoft.windows.common-controls_6595b64144ccf1df_6.0.19041.1110_none_60b5254171f9507e;c:\Users\ercan\.vscode\extensions\redhat.java-1.6.0-win32-x64\jre\17.0.2-win32-x86_64\bin\server

VM Arguments:
jvm_args: -Dsts.lsp.client=vscode -Dsts.log.file=/dev/null -XX:TieredStopAtLevel=1 -Dspring.config.location=file:c:\Users\ercan\.vscode\extensions\pivotal.vscode-spring-boot-1.33.0\language-server\BOOT-INF\classes\application.properties 
java_command: org.springframework.ide.vscode.boot.app.BootLanguageServerBootApp
java_class_path (initial): c:\Users\ercan\.vscode\extensions\pivotal.vscode-spring-boot-1.33.0\language-server\BOOT-INF\classes;c:\Users\ercan\.vscode\extensions\pivotal.vscode-spring-boot-1.33.0\language-server\BOOT-INF\lib\antlr4-runtime-4.5.3.jar;c:\Users\ercan\.vscode\extensions\pivotal.vscode-spring-boot-1.33.0\language-server\BOOT-INF\lib\byte-buddy-1.10.18.jar;c:\Users\ercan\.vscode\extensions\pivotal.vscode-spring-boot-1.33.0\language-server\BOOT-INF\lib\commons-codec-1.14.jar;c:\Users\ercan\.vscode\extensions\pivotal.vscode-spring-boot-1.33.0\language-server\BOOT-INF\lib\commons-io-2.4.jar;c:\Users\ercan\.vscode\extensions\pivotal.vscode-spring-boot-1.33.0\language-server\BOOT-INF\lib\commons-java-1.33.0-SNAPSHOT.jar;c:\Users\ercan\.vscode\extensions\pivotal.vscode-spring-boot-1.33.0\language-server\BOOT-INF\lib\commons-lang3-3.10.jar;c:\Users\ercan\.vscode\extensions\pivotal.vscode-spring-boot-1.33.0\language-server\BOOT-INF\lib\commons-language-server-1.33.0-SNAPSHOT.jar;c:\Users\ercan\.vscode\extensions\pivotal.vscode-spring-boot-1.33.0\language-server\BOOT-INF\lib\commons-lsp-extensions-1.33.0-SNAPSHOT.jar;c:\Users\ercan\.vscode\extensions\pivotal.vscode-spring-boot-1.33.0\language-server\BOOT-INF\lib\commons-util-1.33.0-SNAPSHOT.jar;c:\Users\ercan\.vscode\extensions\pivotal.vscode-spring-boot-1.33.0\language-server\BOOT-INF\lib\commons-yaml-1.33.0-SNAPSHOT.jar;c:\Users\ercan\.vscode\extensions\pivotal.vscode-spring-boot-1.33.0\language-server\BOOT-INF\lib\gson-2.8.6.jar;c:\Users\ercan\.vscode\extensions\pivotal.vscode-spring-boot-1.33.0\language-server\BOOT-INF\lib\guava-19.0.jar;c:\Users\ercan\.vscode\extensions\pivotal.vscode-spring-boot-1.33.0\language-server\BOOT-INF\lib\jakarta.annotation-api-1.3.5.jar;c:\Users\ercan\.vscode\extensions\pivotal.vscode-spring-boot-1.33.0\language-server\BOOT-INF\lib\jandex-2.0.5.Final.jar;c:\Users\ercan\.vscode\extensions\pivotal.vscode-spring-boot-1.33.0\language-server\BOOT-INF\lib\java-properties-1.33.0-SNAPSHO
Launcher Type: SUN_STANDARD

[Global flags]
     intx CICompilerCount                          = 4                                         {product} {ergonomic}
     uint ConcGCThreads                            = 2                                         {product} {ergonomic}
     uint G1ConcRefinementThreads                  = 8                                         {product} {ergonomic}
   size_t G1HeapRegionSize                         = 1048576                                   {product} {ergonomic}
    uintx GCDrainStackTargetSize                   = 64                                        {product} {ergonomic}
   size_t InitialHeapSize                          = 100663296                                 {product} {ergonomic}
   size_t MarkStackSize                            = 4194304                                   {product} {ergonomic}
   size_t MaxHeapSize                              = 1598029824                                {product} {ergonomic}
   size_t MaxNewSize                               = 958398464                                 {product} {ergonomic}
   size_t MinHeapDeltaBytes                        = 1048576                                   {product} {ergonomic}
   size_t MinHeapSize                              = 8388608                                   {product} {ergonomic}
    uintx NonProfiledCodeHeapSize                  = 0                                      {pd product} {ergonomic}
     bool ProfileInterpreter                       = false                                  {pd product} {command line}
    uintx ProfiledCodeHeapSize                     = 0                                      {pd product} {ergonomic}
   size_t SoftMaxHeapSize                          = 1598029824                             {manageable} {ergonomic}
     intx TieredStopAtLevel                        = 1                                         {product} {command line}
     bool UseCompressedClassPointers               = true                           {product lp64_product} {ergonomic}
     bool UseCompressedOops                        = true                           {product lp64_product} {ergonomic}
     bool UseG1GC                                  = true                                      {product} {ergonomic}
     bool UseLargePagesIndividualAllocation        = false                                  {pd product} {ergonomic}

Logging:
Log output configuration:
 #0: stdout all=warning uptime,level,tags
 #1: stderr all=off uptime,level,tags

Environment Variables:
PATH=C:\Program Files\Microsoft\jdk-11.0.12.7-hotspot\bin;C:\Program Files\Common Files\Oracle\Java\javapath;C:\Program Files (x86)\Common Files\Oracle\Java\javapath;C:\WINDOWS\system32;C:\WINDOWS;C:\WINDOWS\System32\Wbem;C:\WINDOWS\System32\WindowsPowerShell\v1.0\;C:\WINDOWS\System32\OpenSSH\;C:\Program Files\Git\cmd;C:\Program Files\nodejs\;C:\Program Files\Microsoft SQL Server\150\Tools\Binn\;C:\Program Files\Microsoft SQL Server\Client SDK\ODBC\170\Tools\Binn\;C:\Program Files\Docker\Docker\resources\bin;C:\ProgramData\DockerDesktop\version-bin;C:\Program Files\dotnet\;C:\Users\ercan\AppData\Local\Programs\Python\Python310\Scripts\;C:\Users\ercan\AppData\Local\Programs\Python\Python310\;C:\Users\ercan\AppData\Local\Microsoft\WindowsApps;;C:\Users\ercan\AppData\Local\Programs\Microsoft VS Code\bin;C:\Program Files\JetBrains\IntelliJ IDEA 2021.3.2\bin;;C:\Users\ercan\AppData\Roaming\npm;C:\Users\ercan\.dotnet\tools
USERNAME=ercan
OS=Windows_NT
PROCESSOR_IDENTIFIER=AMD64 Family 23 Model 24 Stepping 1, AuthenticAMD



---------------  S Y S T E M  ---------------

OS:
 Windows 10 , 64 bit Build 19041 (10.0.19041.1503)
OS uptime: 0 days 19:46 hours

CPU: total 8 (initial active 8) (8 cores per cpu, 2 threads per core) family 23 model 24 stepping 1 microcode 0x0, cx8, cmov, fxsr, ht, mmx, 3dnowpref, sse, sse2, sse3, ssse3, sse4a, sse4.1, sse4.2, popcnt, lzcnt, tsc, tscinvbit, avx, avx2, aes, clmul, bmi1, bmi2, adx, sha, fma, vzeroupper, clflush, clflushopt

Memory: 4k page, system-wide physical 6090M (344M free)
TotalPageFile size 9090M (AvailPageFile size 0M)
current process WorkingSet (physical memory assigned to process): 175M, peak: 195M
current process commit charge ("private bytes"): 210M, peak: 240M

vm_info: OpenJDK 64-Bit Server VM (17.0.2+8) for windows-amd64 JRE (17.0.2+8), built on Jan 20 2022 04:52:34 by "" with MS VC++ 16.7 (VS2019)

END.
